Arguments: 
  C:\Program Files\nodejs\node.exe C:\Users\thoma\AppData\Roaming\npm\node_modules\yarn\bin\yarn.js add --dev @types/radix-ui__react-icons

PATH: 
  C:\Users\thoma\bin;C:\Program Files\Git\mingw64\bin;C:\Program Files\Git\usr\local\bin;C:\Program Files\Git\usr\bin;C:\Program Files\Git\usr\bin;C:\Program Files\Git\mingw64\bin;C:\Program Files\Git\usr\bin;C:\Users\thoma\bin;C:\Program Files\Common Files\Oracle\Java\javapath;C:\Python311\Scripts;C:\Python311;C:\Windows\system32;C:\Windows;C:\Windows\System32\Wbem;C:\Windows\System32\WindowsPowerShell\v1.0;C:\Windows\System32\OpenSSH;C:\Program Files (x86)\NVIDIA Corporation\PhysX\Common;C:\Program Files\NVIDIA Corporation\NVIDIA NvDLISR;C:\Program Files\nodejs;C:\ProgramData\chocolatey\bin;C:\Program Files\Git\cmd;C:\Program Files\dotnet;C:\Users\thoma\AppData\Local\Microsoft\WindowsApps;C:\Users\thoma\AppData\Roaming\npm;C:\Users\thoma\AppData\Local\Programs\Microsoft VS Code\bin;C:\Users\thoma\AppData\Local\GitHubDesktop\bin;C:\Program Files\Git\usr\bin\vendor_perl;C:\Program Files\Git\usr\bin\core_perl

Yarn version: 
  1.22.19

Node version: 
  18.13.0

Platform: 
  win32 x64

Trace: 
  Error: https://registry.yarnpkg.com/@types%2fradix-ui__react-icons: Not found
      at params.callback [as _callback] (C:\Users\thoma\AppData\Roaming\npm\node_modules\yarn\lib\cli.js:66145:18)
      at self.callback (C:\Users\thoma\AppData\Roaming\npm\node_modules\yarn\lib\cli.js:140890:22)
      at Request.emit (node:events:513:28)
      at Request.<anonymous> (C:\Users\thoma\AppData\Roaming\npm\node_modules\yarn\lib\cli.js:141862:10)
      at Request.emit (node:events:513:28)
      at IncomingMessage.<anonymous> (C:\Users\thoma\AppData\Roaming\npm\node_modules\yarn\lib\cli.js:141784:12)
      at Object.onceWrapper (node:events:627:28)
      at IncomingMessage.emit (node:events:525:35)
      at endReadableNT (node:internal/streams/readable:1359:12)
      at process.processTicksAndRejections (node:internal/process/task_queues:82:21)

npm manifest: 
  {
  	"name": "ai-form-builder-tutorial",
  	"version": "0.1.0",
  	"private": true,
  	"scripts": {
  		"dev": "next dev",
  		"build": "next build",
  		"start": "next start",
  		"lint": "next lint"
  	},
  	"dependencies": {
  		"@auth/drizzle-adapter": "^0.4.0",
  		"@hookform/resolvers": "^3.3.4",
  		"@radix-ui/react-dialog": "^1.0.5",
  		"@radix-ui/react-icons": "^1.3.0",
  		"@radix-ui/react-label": "^2.0.2",
  		"@radix-ui/react-radio-group": "^1.1.3",
  		"@radix-ui/react-select": "^2.0.0",
  		"@radix-ui/react-slot": "^1.0.2",
  		"@radix-ui/react-switch": "^1.0.3",
  		"@stripe/stripe-js": "^2.4.0",
  		"@tanstack/react-table": "^8.11.7",
  		"class-variance-authority": "^0.7.0",
  		"clsx": "^2.1.0",
  		"drizzle-orm": "^0.29.3",
  		"lucide-react": "^0.309.0",
  		"next": "^14.2.4",
  		"next-auth": "^5.0.0-beta.5",
  		"next-plausible": "^3.12.0",
  		"pg": "^8.11.3",
  		"postgres": "^3.4.3",
  		"react": "^18",
  		"react-dom": "^18",
  		"react-hook-form": "^7.49.3",
  		"stripe": "^14.14.0",
  		"tailwind-merge": "^2.2.0",
  		"tailwindcss-animate": "^1.0.7",
  		"zod": "^3.22.4"
  	},
  	"devDependencies": {
  		"@types/node": "^20",
  		"@types/react": "^18",
  		"@types/react-dom": "^18",
  		"autoprefixer": "^10.0.1",
  		"drizzle-kit": "^0.20.13",
  		"eslint": "^8",
  		"eslint-config-next": "14.0.4",
  		"postcss": "^8",
  		"tailwindcss": "^3.3.0",
  		"typescript": "^5"
  	}
  }

yarn manifest: 
  No manifest

Lockfile: 
  No lockfile
